<?xml version="1.0" encoding="UTF-8"?>
<!-- Generated by org.testng.reporters.JUnitXMLReporter -->
<testsuite hostname="MAA-ABALU-L" name="Test" tests="1" failures="1" timestamp="11 Jul 2018 07:16:46 GMT" time="9.926" errors="0">
  <testcase name="verifySearchButton" time="4.322" classname="com.test.NewTest">
    <failure type="java.lang.AssertionError" message="Text not found! expected [Google Search2] but found [Google Search]">
      <![CDATA[java.lang.AssertionError: Text not found! expected [Google Search2] but found [Google Search]
	at com.test.NewTest.verifySearchButton(NewTest.java:50)
... Removed 29 stack frames]]>
    </failure>
  </testcase> <!-- verifySearchButton -->
</testsuite> <!-- Test -->
