<?xml version="1.0" encoding="UTF-8"?>
<testng-results skipped="0" failed="0" ignored="0" total="1" passed="1">
  <reporter-output>
  </reporter-output>
  <suite name="Suite" duration-ms="10028" started-at="2018-07-17T11:10:57Z" finished-at="2018-07-17T11:11:07Z">
    <groups>
    </groups>
    <test name="Test" duration-ms="10028" started-at="2018-07-17T11:10:57Z" finished-at="2018-07-17T11:11:07Z">
      <class name="com.test.NewTest">
        <test-method status="PASS" signature="beforeClass()[pri:0, instance:com.test.NewTest@2d209079]" name="beforeClass" is-config="true" duration-ms="4653" started-at="2018-07-17T16:40:57Z" finished-at="2018-07-17T16:41:02Z">
          <reporter-output>
          </reporter-output>
        </test-method> <!-- beforeClass -->
        <test-method status="PASS" signature="verifySearchButton()[pri:0, instance:com.test.NewTest@2d209079]" name="verifySearchButton" duration-ms="4006" started-at="2018-07-17T16:41:02Z" finished-at="2018-07-17T16:41:06Z">
          <reporter-output>
          </reporter-output>
        </test-method> <!-- verifySearchButton -->
        <test-method status="PASS" signature="afterClass()[pri:0, instance:com.test.NewTest@2d209079]" name="afterClass" is-config="true" duration-ms="1352" started-at="2018-07-17T16:41:06Z" finished-at="2018-07-17T16:41:07Z">
          <reporter-output>
          </reporter-output>
        </test-method> <!-- afterClass -->
      </class> <!-- com.test.NewTest -->
    </test> <!-- Test -->
  </suite> <!-- Suite -->
</testng-results>
