<?xml version="1.0" encoding="UTF-8"?>
<testng-results skipped="0" failed="0" total="1" passed="1">
  <reporter-output>
  </reporter-output>
  <suite name="Suite" duration-ms="30" started-at="2018-07-20T06:54:59Z" finished-at="2018-07-20T06:54:59Z">
    <groups>
    </groups>
    <test name="Test" duration-ms="30" started-at="2018-07-20T06:54:59Z" finished-at="2018-07-20T06:54:59Z">
      <class name="testpkg.TestClass">
        <test-method status="PASS" signature="f()[pri:0, instance:testpkg.TestClass@cc285f4]" name="f" duration-ms="11" started-at="2018-07-20T12:24:59Z" finished-at="2018-07-20T12:24:59Z">
          <reporter-output>
          </reporter-output>
        </test-method> <!-- f -->
      </class> <!-- testpkg.TestClass -->
    </test> <!-- Test -->
  </suite> <!-- Suite -->
</testng-results>
