<?xml version="1.0" encoding="UTF-8"?>
<testng-results skipped="0" failed="0" total="1" passed="1">
  <reporter-output>
  </reporter-output>
  <suite name="Suite" duration-ms="34" started-at="2018-07-20T09:01:41Z" finished-at="2018-07-20T09:01:41Z">
    <groups>
    </groups>
    <test name="Test" duration-ms="34" started-at="2018-07-20T09:01:41Z" finished-at="2018-07-20T09:01:41Z">
      <class name="testpkg.TestClass">
        <test-method status="PASS" signature="FirstTest()[pri:0, instance:testpkg.TestClass@cc285f4]" name="FirstTest" duration-ms="13" started-at="2018-07-20T14:31:41Z" finished-at="2018-07-20T14:31:41Z">
          <reporter-output>
          </reporter-output>
        </test-method> <!-- FirstTest -->
      </class> <!-- testpkg.TestClass -->
    </test> <!-- Test -->
  </suite> <!-- Suite -->
</testng-results>
